2025-09-11 16:25:29 +09:00: Database path: /home/test-tyyacht/api/dist/database.db
2025-09-11 16:25:30 +09:00: Database path: /home/test-tyyacht/api/dist/database.db
2025-09-11 16:25:30 +09:00: Database path: /home/test-tyyacht/api/dist/database.db
2025-09-11 16:25:31 +09:00: Database path: /home/test-tyyacht/api/dist/database.db
2025-09-11 16:25:31 +09:00: Database path: /home/test-tyyacht/api/dist/database.db
2025-09-11 16:25:31 +09:00: Database path: /home/test-tyyacht/api/dist/database.db
2025-09-11 16:25:32 +09:00: Database path: /home/test-tyyacht/api/dist/database.db
2025-09-11 16:25:32 +09:00: Database path: /home/test-tyyacht/api/dist/database.db
2025-09-11 16:25:32 +09:00: Database path: /home/test-tyyacht/api/dist/database.db
2025-09-11 16:25:33 +09:00: Database path: /home/test-tyyacht/api/dist/database.db
2025-09-12 15:53:31 +09:00: Database path: /home/test-tyyacht/api/dist/database.db
2025-09-12 15:53:31 +09:00: Database connected successfully
2025-09-12 15:53:31 +09:00: 기존 면제교육 스케줄이 존재하여 건너뜁니다.
2025-09-12 15:53:31 +09:00: Exemption schedules initialized
2025-09-12 15:53:31 +09:00: Database initialized successfully
2025-09-12 15:53:31 +09:00: Database path: /home/test-tyyacht/api/dist/database.db
2025-09-12 15:53:31 +09:00: Database connected successfully
2025-09-12 15:53:31 +09:00: 기존 면제교육 스케줄이 존재하여 건너뜁니다.
2025-09-12 15:53:31 +09:00: Exemption schedules initialized
2025-09-12 15:53:31 +09:00: Database initialized successfully
2025-09-12 15:53:32 +09:00: Database path: /home/test-tyyacht/api/dist/database.db
2025-09-12 15:53:32 +09:00: Database connected successfully
2025-09-12 15:53:32 +09:00: 기존 면제교육 스케줄이 존재하여 건너뜁니다.
2025-09-12 15:53:32 +09:00: Exemption schedules initialized
2025-09-12 15:53:32 +09:00: Database initialized successfully
2025-09-12 15:53:32 +09:00: Database path: /home/test-tyyacht/api/dist/database.db
2025-09-12 15:53:32 +09:00: Database connected successfully
2025-09-12 15:53:32 +09:00: 기존 면제교육 스케줄이 존재하여 건너뜁니다.
2025-09-12 15:53:32 +09:00: Exemption schedules initialized
2025-09-12 15:53:32 +09:00: Database initialized successfully
2025-09-12 15:53:33 +09:00: Database path: /home/test-tyyacht/api/dist/database.db
2025-09-12 15:53:33 +09:00: Database connected successfully
2025-09-12 15:53:33 +09:00: 기존 면제교육 스케줄이 존재하여 건너뜁니다.
2025-09-12 15:53:33 +09:00: Exemption schedules initialized
2025-09-12 15:53:33 +09:00: Database initialized successfully
2025-09-12 15:53:33 +09:00: Database path: /home/test-tyyacht/api/dist/database.db
2025-09-12 15:53:33 +09:00: Database connected successfully
2025-09-12 15:53:33 +09:00: 기존 면제교육 스케줄이 존재하여 건너뜁니다.
2025-09-12 15:53:33 +09:00: Exemption schedules initialized
2025-09-12 15:53:33 +09:00: Database initialized successfully
2025-09-12 15:53:34 +09:00: Database path: /home/test-tyyacht/api/dist/database.db
2025-09-12 15:53:34 +09:00: Database connected successfully
2025-09-12 15:53:34 +09:00: 기존 면제교육 스케줄이 존재하여 건너뜁니다.
2025-09-12 15:53:34 +09:00: Exemption schedules initialized
2025-09-12 15:53:34 +09:00: Database initialized successfully
2025-09-12 15:53:34 +09:00: Database path: /home/test-tyyacht/api/dist/database.db
2025-09-12 15:53:34 +09:00: Database connected successfully
2025-09-12 15:53:34 +09:00: 기존 면제교육 스케줄이 존재하여 건너뜁니다.
2025-09-12 15:53:34 +09:00: Exemption schedules initialized
2025-09-12 15:53:34 +09:00: Database initialized successfully
2025-09-12 15:53:35 +09:00: Database path: /home/test-tyyacht/api/dist/database.db
2025-09-12 15:53:35 +09:00: Database connected successfully
2025-09-12 15:53:35 +09:00: 기존 면제교육 스케줄이 존재하여 건너뜁니다.
2025-09-12 15:53:35 +09:00: Exemption schedules initialized
2025-09-12 15:53:35 +09:00: Database initialized successfully
2025-09-12 15:53:35 +09:00: Database path: /home/test-tyyacht/api/dist/database.db
2025-09-12 15:53:35 +09:00: Database connected successfully
2025-09-12 15:53:35 +09:00: 기존 면제교육 스케줄이 존재하여 건너뜁니다.
2025-09-12 15:53:35 +09:00: Exemption schedules initialized
2025-09-12 15:53:35 +09:00: Database initialized successfully
2025-09-13 14:36:05 +09:00: Database path: /home/test-tyyacht/api/dist/database.db
2025-09-13 14:36:05 +09:00: Database connected successfully
2025-09-13 14:36:05 +09:00: 기존 면제교육 스케줄이 존재하여 건너뜁니다.
2025-09-13 14:36:05 +09:00: Exemption schedules initialized
2025-09-13 14:36:05 +09:00: Database initialized successfully
2025-09-13 14:36:05 +09:00: API server running at http://localhost:3001
